#
# There is insufficient memory for the Java Runtime Environment to continue.
# Native memory allocation (mmap) failed to map 126877696 bytes for G1 virtual space
# Possible reasons:
#   The system is out of physical RAM or swap space
#   The process is running with CompressedOops enabled, and the Java Heap may be blocking the growth of the native heap
# Possible solutions:
#   Reduce memory load on the system
#   Increase physical memory or swap space
#   Check if swap backing store is full
#   Decrease Java heap size (-Xmx/-Xms)
#   Decrease number of Java threads
#   Decrease Java thread stack sizes (-Xss)
#   Set larger code cache with -XX:ReservedCodeCacheSize=
#   JVM is running with Unscaled Compressed Oops mode in which the Java heap is
#     placed in the first 4GB address space. The Java Heap base address is the
#     maximum limit for the native heap growth. Please use -XX:HeapBaseMinAddress
#     to set the Java Heap base and to place the Java Heap above 4GB virtual address.
# This output file may be truncated or incomplete.
#
#  Out of Memory Error (os_windows.cpp:3541), pid=12976, tid=216568
#
# JRE version: OpenJDK Runtime Environment Temurin-17.0.4.1+1 (17.0.4.1+1) (build 17.0.4.1+1)
# Java VM: OpenJDK 64-Bit Server VM Temurin-17.0.4.1+1 (17.0.4.1+1, mixed mode, emulated-client, tiered, compressed oops, compressed class ptrs, g1 gc, windows-amd64)
# No core dump will be written. Minidumps are not enabled by default on client versions of Windows
#

---------------  S U M M A R Y ------------

Command Line: -Dcom.sun.management.jmxremote -Dcom.sun.management.jmxremote.port=53208 -Dcom.sun.management.jmxremote.authenticate=false -Dcom.sun.management.jmxremote.ssl=false -Djava.rmi.server.hostname=localhost -Dspring.jmx.enabled=true -Dspring.application.admin.enabled=true -XX:TieredStopAtLevel=1 -Dspring.boot.project.name=mybatis -Dfile.encoding=UTF-8 -XX:+ShowCodeDetailsInExceptionMessages ks45team03.rentravel.Ks45team03Application --spring.output.ansi.enabled=always

Host: Intel(R) Core(TM) i5-7200U CPU @ 2.50GHz, 4 cores, 7G,  Windows 10 , 64 bit Build 19041 (10.0.19041.2364)
Time: Wed Jan 25 16:05:33 2023  Windows 10 , 64 bit Build 19041 (10.0.19041.2364) elapsed time: 22885.848556 seconds (0d 6h 21m 25s)

---------------  T H R E A D  ---------------

Current thread (0x000002070d3e8f90):  VMThread "VM Thread" [stack: 0x0000004fee500000,0x0000004fee600000] [id=216568]

Stack: [0x0000004fee500000,0x0000004fee600000]
Native frames: (J=compiled Java code, j=interpreted, Vv=VM code, C=native code)
V  [jvm.dll+0x67731a]
V  [jvm.dll+0x832284]
V  [jvm.dll+0x833a2e]
V  [jvm.dll+0x834093]
V  [jvm.dll+0x245775]
V  [jvm.dll+0x674209]
V  [jvm.dll+0x668a92]
V  [jvm.dll+0x30471b]
V  [jvm.dll+0x30bc66]
V  [jvm.dll+0x35ba9e]
V  [jvm.dll+0x35bccf]
V  [jvm.dll+0x2db5b8]
V  [jvm.dll+0x2d986c]
V  [jvm.dll+0x2d8e3c]
V  [jvm.dll+0x31cd9b]
V  [jvm.dll+0x83853b]
V  [jvm.dll+0x839274]
V  [jvm.dll+0x83978c]
V  [jvm.dll+0x839b64]
V  [jvm.dll+0x839c30]
V  [jvm.dll+0x7e240a]
V  [jvm.dll+0x6761a5]
C  [ucrtbase.dll+0x21bb2]
C  [KERNEL32.DLL+0x17614]
C  [ntdll.dll+0x526a1]

VM_Operation (0x0000004fedcf75b0): G1CollectForAllocation, mode: safepoint, requested by thread 0x000002071033a070


---------------  P R O C E S S  ---------------

Threads class SMR info:
_java_thread_list=0x0000020712cd59f0, length=24, elements={
0x000002070d3c2df0, 0x000002070d3c4e00, 0x000002070d3cfbc0, 0x000002070e021ff0,
0x000002070e0228b0, 0x000002070e023eb0, 0x000002070d417a20, 0x000002070d417f30,
0x000002070d369a40, 0x000002070e1e6d00, 0x000002070e737980, 0x000002070e6db3a0,
0x000002070e7fc050, 0x000002070e812db0, 0x000002070e8af220, 0x0000020710340a50,
0x000002071033fbe0, 0x000002071033bd50, 0x000002071033df00, 0x00000207103418c0,
0x000002071033a070, 0x000002071033f710, 0x0000020710340f20, 0x00000207103413f0
}

Java Threads: ( => current thread )
  0x000002070d3c2df0 JavaThread "Reference Handler" daemon [_thread_blocked, id=222144, stack(0x0000004fee600000,0x0000004fee700000)]
  0x000002070d3c4e00 JavaThread "Finalizer" daemon [_thread_blocked, id=214264, stack(0x0000004fee700000,0x0000004fee800000)]
  0x000002070d3cfbc0 JavaThread "Signal Dispatcher" daemon [_thread_blocked, id=212644, stack(0x0000004fee800000,0x0000004fee900000)]
  0x000002070e021ff0 JavaThread "Attach Listener" daemon [_thread_blocked, id=64524, stack(0x0000004fee900000,0x0000004feea00000)]
  0x000002070e0228b0 JavaThread "Service Thread" daemon [_thread_blocked, id=161920, stack(0x0000004feea00000,0x0000004feeb00000)]
  0x000002070e023eb0 JavaThread "Monitor Deflation Thread" daemon [_thread_blocked, id=204308, stack(0x0000004feeb00000,0x0000004feec00000)]
  0x000002070d417a20 JavaThread "C1 CompilerThread0" daemon [_thread_blocked, id=158776, stack(0x0000004feec00000,0x0000004feed00000)]
  0x000002070d417f30 JavaThread "Sweeper thread" daemon [_thread_blocked, id=224240, stack(0x0000004feed00000,0x0000004feee00000)]
  0x000002070d369a40 JavaThread "Common-Cleaner" daemon [_thread_blocked, id=72484, stack(0x0000004feee00000,0x0000004feef00000)]
  0x000002070e1e6d00 JavaThread "Notification Thread" daemon [_thread_blocked, id=209812, stack(0x0000004feef00000,0x0000004fef000000)]
  0x000002070e737980 JavaThread "RMI TCP Accept-0" daemon [_thread_in_native, id=162012, stack(0x0000004fef100000,0x0000004fef200000)]
  0x000002070e6db3a0 JavaThread "RMI TCP Accept-53208" daemon [_thread_in_native, id=202216, stack(0x0000004fef200000,0x0000004fef300000)]
  0x000002070e7fc050 JavaThread "RMI TCP Accept-0" daemon [_thread_in_native, id=163708, stack(0x0000004fef400000,0x0000004fef500000)]
  0x000002070e812db0 JavaThread "RMI Scheduler(0)" daemon [_thread_blocked, id=220384, stack(0x0000004fef600000,0x0000004fef700000)]
  0x000002070e8af220 JavaThread "JMX server connection timeout 21" daemon [_thread_blocked, id=211316, stack(0x0000004fefc00000,0x0000004fefd00000)]
  0x0000020710340a50 JavaThread "mysql-cj-abandoned-connection-cleanup" daemon [_thread_blocked, id=68648, stack(0x0000004ff0400000,0x0000004ff0500000)]
  0x000002071033fbe0 JavaThread "Live Reload Server" daemon [_thread_in_native, id=211476, stack(0x0000004ff0900000,0x0000004ff0a00000)]
  0x000002071033bd50 JavaThread "DestroyJavaVM" [_thread_blocked, id=18152, stack(0x0000004fedf00000,0x0000004fee000000)]
  0x000002071033df00 JavaThread "RMI TCP Connection(idle)" daemon [_thread_blocked, id=222216, stack(0x0000004ff1300000,0x0000004ff1400000)]
  0x00000207103418c0 JavaThread "Thread-39" [_thread_blocked, id=241348, stack(0x0000004fef300000,0x0000004fef400000)]
  0x000002071033a070 JavaThread "restartedMain" [_thread_blocked, id=265120, stack(0x0000004fedc00000,0x0000004fedd00000)]
  0x000002071033f710 JavaThread "Catalina-utility-1" [_thread_blocked, id=264208, stack(0x0000004fedd00000,0x0000004fede00000)]
  0x0000020710340f20 JavaThread "Catalina-utility-2" [_thread_blocked, id=263456, stack(0x0000004fede00000,0x0000004fedf00000)]
  0x00000207103413f0 JavaThread "container-0" [_thread_blocked, id=265688, stack(0x0000004fefd00000,0x0000004fefe00000)]

Other Threads:
=>0x000002070d3e8f90 VMThread "VM Thread" [stack: 0x0000004fee500000,0x0000004fee600000] [id=216568]
  0x000002070e734710 WatcherThread [stack: 0x0000004fef500000,0x0000004fef600000] [id=212612]
  0x000002077fe355b0 GCTaskThread "GC Thread#0" [stack: 0x0000004fee000000,0x0000004fee100000] [id=210952]
  0x000002070e748f20 GCTaskThread "GC Thread#1" [stack: 0x0000004fef700000,0x0000004fef800000] [id=219192]
  0x000002070e835330 GCTaskThread "GC Thread#2" [stack: 0x0000004fef800000,0x0000004fef900000] [id=165108]
  0x000002070e885a70 GCTaskThread "GC Thread#3" [stack: 0x0000004fef900000,0x0000004fefa00000] [id=223776]
  0x000002077fe46820 ConcurrentGCThread "G1 Main Marker" [stack: 0x0000004fee100000,0x0000004fee200000] [id=56464]
  0x000002077fe47140 ConcurrentGCThread "G1 Conc#0" [stack: 0x0000004fee200000,0x0000004fee300000] [id=210804]
  0x000002077feaeaf0 ConcurrentGCThread "G1 Refine#0" [stack: 0x0000004fee300000,0x0000004fee400000] [id=222396]
  0x000002070e2301c0 ConcurrentGCThread "G1 Refine#1" [stack: 0x0000004fefa00000,0x0000004fefb00000] [id=6880]
  0x000002070d234600 ConcurrentGCThread "G1 Service" [stack: 0x0000004fee400000,0x0000004fee500000] [id=2412]

Threads with active compile tasks:

VM state: at safepoint (normal execution)

VM Mutex/Monitor currently owned by a thread:  ([mutex/lock_event])
[0x000002077fdd5de0] Threads_lock - owner thread: 0x000002070d3e8f90
[0x000002077fdd5720] Heap_lock - owner thread: 0x000002071033a070

Heap address: 0x0000000081c00000, size: 2020 MB, Compressed Oops mode: 32-bit

CDS archive(s) not mapped
Compressed class space mapped at: 0x0000000100000000-0x0000000140000000, reserved size: 1073741824
Narrow klass base: 0x0000000000000000, Narrow klass shift: 3, Narrow klass range: 0x140000000

GC Precious Log:
 CPUs: 4 total, 4 available
 Memory: 8078M
 Large Page Support: Disabled
 NUMA Support: Disabled
 Compressed Oops: Enabled (32-bit)
 Heap Region Size: 1M
 Heap Min Capacity: 8M
 Heap Initial Capacity: 128M
 Heap Max Capacity: 2020M
 Pre-touch: Disabled
 Parallel Workers: 4
 Concurrent Workers: 1
 Concurrent Refinement Workers: 4
 Periodic GC: Disabled

Heap:
 garbage-first heap   total 99328K, used 35389K [0x0000000081c00000, 0x0000000100000000)
  region size 1024K, 2 young (2048K), 2 survivors (2048K)
 Metaspace       used 69231K, committed 70016K, reserved 1114112K
  class space    used 8710K, committed 9088K, reserved 1048576K

Heap Regions: E=young(eden), S=young(survivor), O=old, HS=humongous(starts), HC=humongous(continues), CS=collection set, F=free, OA=open archive, CA=closed archive, TAMS=top-at-mark-start (previous, next)
|   0|0x0000000081c00000, 0x0000000081d00000, 0x0000000081d00000|100%| O|  |TAMS 0x0000000081d00000, 0x0000000081d00000| Untracked 
|   1|0x0000000081d00000, 0x0000000081e00000, 0x0000000081e00000|100%| O|  |TAMS 0x0000000081e00000, 0x0000000081e00000| Untracked 
|   2|0x0000000081e00000, 0x0000000081efffe0, 0x0000000081f00000| 99%| O|  |TAMS 0x0000000081efffe0, 0x0000000081efffe0| Untracked 
|   3|0x0000000081f00000, 0x0000000081fffff8, 0x0000000082000000| 99%| O|  |TAMS 0x0000000081fffff8, 0x0000000081fffff8| Untracked 
|   4|0x0000000082000000, 0x0000000082100000, 0x0000000082100000|100%| O|  |TAMS 0x0000000082100000, 0x0000000082100000| Untracked 
|   5|0x0000000082100000, 0x00000000821ffff0, 0x0000000082200000| 99%| O|  |TAMS 0x00000000821ffff0, 0x00000000821ffff0| Untracked 
|   6|0x0000000082200000, 0x00000000822fffe8, 0x0000000082300000| 99%| O|  |TAMS 0x00000000822fffe8, 0x00000000822fffe8| Untracked 
|   7|0x0000000082300000, 0x00000000823ffff8, 0x0000000082400000| 99%| O|  |TAMS 0x00000000823ffff8, 0x00000000823ffff8| Untracked 
|   8|0x0000000082400000, 0x00000000824ffff0, 0x0000000082500000| 99%| O|  |TAMS 0x00000000824ffff0, 0x00000000824ffff0| Untracked 
|   9|0x0000000082500000, 0x00000000825ffff8, 0x0000000082600000| 99%| O|  |TAMS 0x00000000825ffff8, 0x00000000825ffff8| Untracked 
|  10|0x0000000082600000, 0x0000000082700000, 0x0000000082700000|100%| O|  |TAMS 0x0000000082700000, 0x0000000082700000| Untracked 
|  11|0x0000000082700000, 0x00000000827fffe0, 0x0000000082800000| 99%| O|  |TAMS 0x00000000827fffe0, 0x00000000827fffe0| Untracked 
|  12|0x0000000082800000, 0x00000000828ff798, 0x0000000082900000| 99%| O|  |TAMS 0x00000000828ff798, 0x00000000828ff798| Untracked 
|  13|0x0000000082900000, 0x00000000829ffff0, 0x0000000082a00000| 99%| O|  |TAMS 0x00000000829ffff0, 0x00000000829ffff0| Untracked 
|  14|0x0000000082a00000, 0x0000000082afa578, 0x0000000082b00000| 97%| O|  |TAMS 0x0000000082afa578, 0x0000000082afa578| Untracked 
|  15|0x0000000082b00000, 0x0000000082bffff0, 0x0000000082c00000| 99%| O|  |TAMS 0x0000000082bffff0, 0x0000000082bffff0| Untracked 
|  16|0x0000000082c00000, 0x0000000082cfffd8, 0x0000000082d00000| 99%| O|  |TAMS 0x0000000082cfffd8, 0x0000000082cfffd8| Untracked 
|  17|0x0000000082d00000, 0x0000000082dfffb0, 0x0000000082e00000| 99%| O|  |TAMS 0x0000000082dfffb0, 0x0000000082dfffb0| Untracked 
|  18|0x0000000082e00000, 0x0000000082efffb8, 0x0000000082f00000| 99%| O|  |TAMS 0x0000000082efffb8, 0x0000000082efffb8| Untracked 
|  19|0x0000000082f00000, 0x0000000083000000, 0x0000000083000000|100%| O|  |TAMS 0x0000000083000000, 0x0000000083000000| Untracked 
|  20|0x0000000083000000, 0x00000000830ffd00, 0x0000000083100000| 99%| O|  |TAMS 0x00000000830ffd00, 0x00000000830ffd00| Untracked 
|  21|0x0000000083100000, 0x00000000831ffff8, 0x0000000083200000| 99%| O|  |TAMS 0x00000000831ffff8, 0x00000000831ffff8| Untracked 
|  22|0x0000000083200000, 0x0000000083300000, 0x0000000083300000|100%| O|  |TAMS 0x0000000083300000, 0x0000000083300000| Untracked 
|  23|0x0000000083300000, 0x00000000833fffe8, 0x0000000083400000| 99%| O|  |TAMS 0x00000000833fffe8, 0x00000000833fffe8| Untracked 
|  24|0x0000000083400000, 0x000000008344b3d0, 0x0000000083500000| 29%| O|  |TAMS 0x000000008344b3d0, 0x000000008344b3d0| Untracked 
|  25|0x0000000083500000, 0x0000000083600000, 0x0000000083600000|100%| O|  |TAMS 0x0000000083600000, 0x0000000083600000| Untracked 
|  26|0x0000000083600000, 0x0000000083700000, 0x0000000083700000|100%| O|  |TAMS 0x0000000083600000, 0x0000000083700000| Untracked 
|  27|0x0000000083700000, 0x0000000083800000, 0x0000000083800000|100%| O|  |TAMS 0x0000000083800000, 0x0000000083800000| Untracked 
|  28|0x0000000083800000, 0x0000000083900000, 0x0000000083900000|100%| O|  |TAMS 0x0000000083800000, 0x0000000083900000| Untracked 
|  29|0x0000000083900000, 0x0000000083a00000, 0x0000000083a00000|100%| O|  |TAMS 0x0000000083a00000, 0x0000000083a00000| Untracked 
|  30|0x0000000083a00000, 0x0000000083ae4420, 0x0000000083b00000| 89%| O|  |TAMS 0x0000000083ae4420, 0x0000000083ae4420| Untracked 
|  31|0x0000000083b00000, 0x0000000083c00000, 0x0000000083c00000|100%| O|  |TAMS 0x0000000083b00000, 0x0000000083c00000| Untracked 
|  32|0x0000000083c00000, 0x0000000083d00000, 0x0000000083d00000|100%| O|  |TAMS 0x0000000083c00000, 0x0000000083d00000| Untracked 
|  33|0x0000000083d00000, 0x0000000083ddde00, 0x0000000083e00000| 86%| O|  |TAMS 0x0000000083d00000, 0x0000000083ddde00| Untracked 
|  34|0x0000000083e00000, 0x0000000083e00000, 0x0000000083f00000|  0%| F|  |TAMS 0x0000000083e00000, 0x0000000083e00000| Untracked 
|  35|0x0000000083f00000, 0x0000000083f00000, 0x0000000084000000|  0%| F|  |TAMS 0x0000000083f00000, 0x0000000083f00000| Untracked 
|  36|0x0000000084000000, 0x0000000084000000, 0x0000000084100000|  0%| F|  |TAMS 0x0000000084000000, 0x0000000084000000| Untracked 
|  37|0x0000000084100000, 0x0000000084100000, 0x0000000084200000|  0%| F|  |TAMS 0x0000000084100000, 0x0000000084100000| Untracked 
|  38|0x0000000084200000, 0x0000000084200000, 0x0000000084300000|  0%| F|  |TAMS 0x0000000084200000, 0x0000000084200000| Untracked 
|  39|0x0000000084300000, 0x0000000084300000, 0x0000000084400000|  0%| F|  |TAMS 0x0000000084300000, 0x0000000084300000| Untracked 
|  40|0x0000000084400000, 0x0000000084400000, 0x0000000084500000|  0%| F|  |TAMS 0x0000000084400000, 0x0000000084400000| Untracked 
|  41|0x0000000084500000, 0x0000000084500000, 0x0000000084600000|  0%| F|  |TAMS 0x0000000084500000, 0x0000000084500000| Untracked 
|  42|0x0000000084600000, 0x0000000084600000, 0x0000000084700000|  0%| F|  |TAMS 0x0000000084600000, 0x0000000084600000| Untracked 
|  43|0x0000000084700000, 0x0000000084700000, 0x0000000084800000|  0%| F|  |TAMS 0x0000000084700000, 0x0000000084700000| Untracked 
|  44|0x0000000084800000, 0x0000000084800000, 0x0000000084900000|  0%| F|  |TAMS 0x0000000084800000, 0x0000000084800000| Untracked 
|  45|0x0000000084900000, 0x0000000084900000, 0x0000000084a00000|  0%| F|  |TAMS 0x0000000084900000, 0x0000000084900000| Untracked 
|  46|0x0000000084a00000, 0x0000000084a00000, 0x0000000084b00000|  0%| F|  |TAMS 0x0000000084a00000, 0x0000000084a00000| Untracked 
|  47|0x0000000084b00000, 0x0000000084b00000, 0x0000000084c00000|  0%| F|  |TAMS 0x0000000084b00000, 0x0000000084b00000| Untracked 
|  48|0x0000000084c00000, 0x0000000084c88630, 0x0000000084d00000| 53%| S|CS|TAMS 0x0000000084c00000, 0x0000000084c00000| Complete 
|  49|0x0000000084d00000, 0x0000000084e00000, 0x0000000084e00000|100%| S|CS|TAMS 0x0000000084d00000, 0x0000000084d00000| Complete 
|  50|0x0000000084e00000, 0x0000000084e00000, 0x0000000084f00000|  0%| F|  |TAMS 0x0000000084e00000, 0x0000000084e00000| Untracked 
|  51|0x0000000084f00000, 0x0000000084f00000, 0x0000000085000000|  0%| F|  |TAMS 0x0000000084f00000, 0x0000000084f00000| Untracked 
|  52|0x0000000085000000, 0x0000000085000000, 0x0000000085100000|  0%| F|  |TAMS 0x0000000085000000, 0x0000000085000000| Untracked 
|  53|0x0000000085100000, 0x0000000085100000, 0x0000000085200000|  0%| F|  |TAMS 0x0000000085100000, 0x0000000085100000| Untracked 
|  54|0x0000000085200000, 0x0000000085200000, 0x0000000085300000|  0%| F|  |TAMS 0x0000000085200000, 0x0000000085200000| Untracked 
|  55|0x0000000085300000, 0x0000000085300000, 0x0000000085400000|  0%| F|  |TAMS 0x0000000085300000, 0x0000000085300000| Untracked 
|  56|0x0000000085400000, 0x0000000085400000, 0x0000000085500000|  0%| F|  |TAMS 0x0000000085400000, 0x0000000085400000| Untracked 
|  57|0x0000000085500000, 0x0000000085500000, 0x0000000085600000|  0%| F|  |TAMS 0x0000000085500000, 0x0000000085500000| Untracked 
|  58|0x0000000085600000, 0x0000000085600000, 0x0000000085700000|  0%| F|  |TAMS 0x0000000085600000, 0x0000000085600000| Untracked 
|  59|0x0000000085700000, 0x0000000085700000, 0x0000000085800000|  0%| F|  |TAMS 0x0000000085700000, 0x0000000085700000| Untracked 
|  60|0x0000000085800000, 0x0000000085800000, 0x0000000085900000|  0%| F|  |TAMS 0x0000000085800000, 0x0000000085800000| Untracked 
|  61|0x0000000085900000, 0x0000000085900000, 0x0000000085a00000|  0%| F|  |TAMS 0x0000000085900000, 0x0000000085900000| Untracked 
|  62|0x0000000085a00000, 0x0000000085a00000, 0x0000000085b00000|  0%| F|  |TAMS 0x0000000085a00000, 0x0000000085a00000| Untracked 
|  63|0x0000000085b00000, 0x0000000085b00000, 0x0000000085c00000|  0%| F|  |TAMS 0x0000000085b00000, 0x0000000085b00000| Untracked 
|  64|0x0000000085c00000, 0x0000000085c00000, 0x0000000085d00000|  0%| F|  |TAMS 0x0000000085c00000, 0x0000000085c00000| Untracked 
|  65|0x0000000085d00000, 0x0000000085d00000, 0x0000000085e00000|  0%| F|  |TAMS 0x0000000085d00000, 0x0000000085d00000| Untracked 
|  66|0x0000000085e00000, 0x0000000085e00000, 0x0000000085f00000|  0%| F|  |TAMS 0x0000000085e00000, 0x0000000085e00000| Untracked 
|  67|0x0000000085f00000, 0x0000000085f00000, 0x0000000086000000|  0%| F|  |TAMS 0x0000000085f00000, 0x0000000085f00000| Untracked 
|  68|0x0000000086000000, 0x0000000086000000, 0x0000000086100000|  0%| F|  |TAMS 0x0000000086000000, 0x0000000086000000| Untracked 
|  69|0x0000000086100000, 0x0000000086100000, 0x0000000086200000|  0%| F|  |TAMS 0x0000000086100000, 0x0000000086100000| Untracked 
|  70|0x0000000086200000, 0x0000000086200000, 0x0000000086300000|  0%| F|  |TAMS 0x0000000086200000, 0x0000000086200000| Untracked 
|  71|0x0000000086300000, 0x0000000086300000, 0x0000000086400000|  0%| F|  |TAMS 0x0000000086300000, 0x0000000086300000| Untracked 
|  72|0x0000000086400000, 0x0000000086400000, 0x0000000086500000|  0%| F|  |TAMS 0x0000000086400000, 0x0000000086400000| Untracked 
|  73|0x0000000086500000, 0x0000000086500000, 0x0000000086600000|  0%| F|  |TAMS 0x0000000086500000, 0x0000000086500000| Untracked 
|  74|0x0000000086600000, 0x0000000086600000, 0x0000000086700000|  0%| F|  |TAMS 0x0000000086600000, 0x0000000086600000| Untracked 
|  75|0x0000000086700000, 0x0000000086700000, 0x0000000086800000|  0%| F|  |TAMS 0x0000000086700000, 0x0000000086700000| Untracked 
|  76|0x0000000086800000, 0x0000000086800000, 0x0000000086900000|  0%| F|  |TAMS 0x0000000086800000, 0x0000000086800000| Untracked 
|  77|0x0000000086900000, 0x0000000086900000, 0x0000000086a00000|  0%| F|  |TAMS 0x0000000086900000, 0x0000000086900000| Untracked 
|  78|0x0000000086a00000, 0x0000000086a00000, 0x0000000086b00000|  0%| F|  |TAMS 0x0000000086a00000, 0x0000000086a00000| Untracked 
|  79|0x0000000086b00000, 0x0000000086b00000, 0x0000000086c00000|  0%| F|  |TAMS 0x0000000086b00000, 0x0000000086b00000| Untracked 
|  80|0x0000000086c00000, 0x0000000086c00000, 0x0000000086d00000|  0%| F|  |TAMS 0x0000000086c00000, 0x0000000086c00000| Untracked 
|  81|0x0000000086d00000, 0x0000000086d00000, 0x0000000086e00000|  0%| F|  |TAMS 0x0000000086d00000, 0x0000000086d00000| Untracked 
|  82|0x0000000086e00000, 0x0000000086e00000, 0x0000000086f00000|  0%| F|  |TAMS 0x0000000086e00000, 0x0000000086e00000| Untracked 
|  83|0x0000000086f00000, 0x0000000086f00000, 0x0000000087000000|  0%| F|  |TAMS 0x0000000086f00000, 0x0000000086f00000| Untracked 
|  84|0x0000000087000000, 0x0000000087000000, 0x0000000087100000|  0%| F|  |TAMS 0x0000000087000000, 0x0000000087000000| Untracked 
|  85|0x0000000087100000, 0x0000000087100000, 0x0000000087200000|  0%| F|  |TAMS 0x0000000087100000, 0x0000000087100000| Untracked 
|  86|0x0000000087200000, 0x0000000087200000, 0x0000000087300000|  0%| F|  |TAMS 0x0000000087200000, 0x0000000087200000| Untracked 
|  87|0x0000000087300000, 0x0000000087300000, 0x0000000087400000|  0%| F|  |TAMS 0x0000000087300000, 0x0000000087300000| Untracked 
|  88|0x0000000087400000, 0x0000000087400000, 0x0000000087500000|  0%| F|  |TAMS 0x0000000087400000, 0x0000000087400000| Untracked 
|  89|0x0000000087500000, 0x0000000087500000, 0x0000000087600000|  0%| F|  |TAMS 0x0000000087500000, 0x0000000087500000| Untracked 
|  90|0x0000000087600000, 0x0000000087600000, 0x0000000087700000|  0%| F|  |TAMS 0x0000000087600000, 0x0000000087600000| Untracked 
|  91|0x0000000087700000, 0x0000000087700000, 0x0000000087800000|  0%| F|  |TAMS 0x0000000087700000, 0x0000000087700000| Untracked 
|  92|0x0000000087800000, 0x0000000087800000, 0x0000000087900000|  0%| F|  |TAMS 0x0000000087800000, 0x0000000087800000| Untracked 
|  93|0x0000000087900000, 0x0000000087900000, 0x0000000087a00000|  0%| F|  |TAMS 0x0000000087900000, 0x0000000087900000| Untracked 
|  94|0x0000000087a00000, 0x0000000087a00000, 0x0000000087b00000|  0%| F|  |TAMS 0x0000000087a00000, 0x0000000087a00000| Untracked 
|  95|0x0000000087b00000, 0x0000000087b00000, 0x0000000087c00000|  0%| F|  |TAMS 0x0000000087b00000, 0x0000000087b00000| Untracked 
|  96|0x0000000087c00000, 0x0000000087c00000, 0x0000000087d00000|  0%| F|  |TAMS 0x0000000087c00000, 0x0000000087c00000| Untracked 

Card table byte_map: [0x00000207069f0000,0x0000020706df0000] _byte_map_base: 0x00000207065e2000

Marking Bits (Prev, Next): (CMBitMap*) 0x000002077fe35b10, (CMBitMap*) 0x000002077fe35ad0
 Prev Bits: [0x0000020709180000, 0x000002070b110000)
 Next Bits: [0x00000207071f0000, 0x0000020709180000)

Polling page: 0x000002077df80000

Metaspace:

Usage:
  Non-class:     59.10 MB used.
      Class:      8.51 MB used.
       Both:     67.61 MB used.

Virtual space:
  Non-class space:       64.00 MB reserved,      59.50 MB ( 93%) committed,  8 nodes.
      Class space:        1.00 GB reserved,       8.88 MB ( <1%) committed,  1 nodes.
             Both:        1.06 GB reserved,      68.38 MB (  6%) committed. 

Chunk freelists:
   Non-Class:  3.75 MB
       Class:  3.21 MB
        Both:  6.96 MB

MaxMetaspaceSize: unlimited
CompressedClassSpaceSize: 1.00 GB
Initial GC threshold: 21.00 MB
Current GC threshold: 116.50 MB
CDS: off
MetaspaceReclaimPolicy: balanced
 - commit_granule_bytes: 65536.
 - commit_granule_words: 8192.
 - virtual_space_node_default_size: 1048576.
 - enlarge_chunks_in_place: 1.
 - new_chunks_are_fully_committed: 0.
 - uncommit_free_chunks: 1.
 - use_allocation_guard: 0.
 - handle_deallocations: 1.


Internal statistics:

num_allocs_failed_limit: 6.
num_arena_births: 3102.
num_arena_deaths: 2416.
num_vsnodes_births: 9.
num_vsnodes_deaths: 0.
num_space_committed: 1144.
num_space_uncommitted: 50.
num_chunks_returned_to_freelist: 4231.
num_chunks_taken_from_freelist: 7379.
num_chunk_merges: 903.
num_chunk_splits: 3010.
num_chunks_enlarged: 1668.
num_purges: 154.
num_inconsistent_stats: 0.

CodeCache: size=49152Kb used=28927Kb max_used=28927Kb free=20225Kb
 bounds [0x00000207035f0000, 0x0000020705230000, 0x00000207065f0000]
 total_blobs=16202 nmethods=15312 adapters=816
 compilation: enabled
              stopped_count=0, restarted_count=0
 full_count=0

Compilation events (20 events):
Event: 22885.237 Thread 0x000002070d417a20 15349       1       org.springframework.util.unit.DataSize::toBytes (5 bytes)
Event: 22885.237 Thread 0x000002070d417a20 nmethod 15349 0x000002070522d410 code [0x000002070522d5a0, 0x000002070522d678]
Event: 22885.312 Thread 0x000002070d417a20 15350       1       ch.qos.logback.core.rolling.TimeBasedFileNamingAndTriggeringPolicyBase::getCurrentTime (18 bytes)
Event: 22885.313 Thread 0x000002070d417a20 nmethod 15350 0x000002070522d710 code [0x000002070522d8a0, 0x000002070522d9b8]
Event: 22885.365 Thread 0x000002070d417a20 15351  s    1       java.util.Properties::load (20 bytes)
Event: 22885.365 Thread 0x000002070d417a20 nmethod 15351 0x000002070522da10 code [0x000002070522dbc0, 0x000002070522de88]
Event: 22885.365 Thread 0x000002070d417a20 15352       1       java.util.Properties$LineReader::<init> (38 bytes)
Event: 22885.365 Thread 0x000002070d417a20 nmethod 15352 0x000002070522e010 code [0x000002070522e1a0, 0x000002070522e4b8]
Event: 22885.365 Thread 0x000002070d417a20 15353       1       org.springframework.boot.context.properties.PropertyMapper$Source$$Lambda$736/0x00000001004f7be8::test (9 bytes)
Event: 22885.365 Thread 0x000002070d417a20 nmethod 15353 0x000002070522e590 code [0x000002070522e720, 0x000002070522e848]
Event: 22885.365 Thread 0x000002070d417a20 15354       1       org.springframework.boot.context.properties.PropertyMapper$Source::lambda$as$1 (13 bytes)
Event: 22885.365 Thread 0x000002070d417a20 nmethod 15354 0x000002070522e910 code [0x000002070522eaa0, 0x000002070522eba8]
Event: 22885.366 Thread 0x000002070d417a20 15355       1       ch.qos.logback.core.util.FileSize::getSize (5 bytes)
Event: 22885.366 Thread 0x000002070d417a20 nmethod 15355 0x000002070522ec90 code [0x000002070522ee20, 0x000002070522eef8]
Event: 22885.447 Thread 0x000002070d417a20 15356       1       org.springframework.beans.factory.support.DefaultListableBeanFactory::indicatesMultipleBeans (39 bytes)
Event: 22885.448 Thread 0x000002070d417a20 nmethod 15356 0x000002070522ef90 code [0x000002070522f160, 0x000002070522f2f8]
Event: 22885.451 Thread 0x000002070d417a20 15357       1       org.apache.ibatis.type.TypeHandlerRegistry::register (13 bytes)
Event: 22885.451 Thread 0x000002070d417a20 nmethod 15357 0x000002070522f410 code [0x000002070522f5a0, 0x000002070522f688]
Event: 22885.649 Thread 0x000002070d417a20 15358       1       org.apache.ibatis.type.TypeHandlerRegistry::getJdbcHandlerMapForSuperclass (46 bytes)
Event: 22885.649 Thread 0x000002070d417a20 nmethod 15358 0x000002070522f710 code [0x000002070522f8e0, 0x000002070522fb08]

GC Heap History (20 events):
Event: 22646.740 GC heap after
{Heap after GC invocations=1189 (full 9):
 garbage-first heap   total 272384K, used 44155K [0x0000000081c00000, 0x0000000100000000)
  region size 1024K, 1 young (1024K), 1 survivors (1024K)
 Metaspace       used 68729K, committed 70016K, reserved 1114112K
  class space    used 8673K, committed 9088K, reserved 1048576K
}
Event: 22707.390 GC heap before
{Heap before GC invocations=1190 (full 9):
 garbage-first heap   total 150528K, used 132219K [0x0000000081c00000, 0x0000000100000000)
  region size 1024K, 88 young (90112K), 1 survivors (1024K)
 Metaspace       used 68729K, committed 70016K, reserved 1114112K
  class space    used 8673K, committed 9088K, reserved 1048576K
}
Event: 22707.623 GC heap after
{Heap after GC invocations=1191 (full 9):
 garbage-first heap   total 150528K, used 45817K [0x0000000081c00000, 0x0000000100000000)
  region size 1024K, 4 young (4096K), 4 survivors (4096K)
 Metaspace       used 68729K, committed 70016K, reserved 1114112K
  class space    used 8673K, committed 9088K, reserved 1048576K
}
Event: 22708.542 GC heap before
{Heap before GC invocations=1191 (full 9):
 garbage-first heap   total 150528K, used 48889K [0x0000000081c00000, 0x0000000100000000)
  region size 1024K, 7 young (7168K), 4 survivors (4096K)
 Metaspace       used 68729K, committed 70016K, reserved 1114112K
  class space    used 8673K, committed 9088K, reserved 1048576K
}
Event: 22708.555 GC heap after
{Heap after GC invocations=1192 (full 9):
 garbage-first heap   total 150528K, used 45028K [0x0000000081c00000, 0x0000000100000000)
  region size 1024K, 1 young (1024K), 1 survivors (1024K)
 Metaspace       used 68729K, committed 70016K, reserved 1114112K
  class space    used 8673K, committed 9088K, reserved 1048576K
}
Event: 22752.904 GC heap before
{Heap before GC invocations=1192 (full 9):
 garbage-first heap   total 150528K, used 125924K [0x0000000081c00000, 0x0000000100000000)
  region size 1024K, 80 young (81920K), 1 survivors (1024K)
 Metaspace       used 68739K, committed 70016K, reserved 1114112K
  class space    used 8675K, committed 9088K, reserved 1048576K
}
Event: 22752.959 GC heap after
{Heap after GC invocations=1193 (full 9):
 garbage-first heap   total 150528K, used 46013K [0x0000000081c00000, 0x0000000100000000)
  region size 1024K, 2 young (2048K), 2 survivors (2048K)
 Metaspace       used 68739K, committed 70016K, reserved 1114112K
  class space    used 8675K, committed 9088K, reserved 1048576K
}
Event: 22818.347 GC heap before
{Heap before GC invocations=1194 (full 9):
 garbage-first heap   total 150528K, used 124861K [0x0000000081c00000, 0x0000000100000000)
  region size 1024K, 80 young (81920K), 2 survivors (2048K)
 Metaspace       used 68537K, committed 70016K, reserved 1114112K
  class space    used 8609K, committed 9088K, reserved 1048576K
}
Event: 22818.389 GC heap after
{Heap after GC invocations=1195 (full 9):
 garbage-first heap   total 150528K, used 45130K [0x0000000081c00000, 0x0000000100000000)
  region size 1024K, 2 young (2048K), 2 survivors (2048K)
 Metaspace       used 68537K, committed 70016K, reserved 1114112K
  class space    used 8609K, committed 9088K, reserved 1048576K
}
Event: 22823.790 GC heap before
{Heap before GC invocations=1195 (full 9):
 garbage-first heap   total 150528K, used 50250K [0x0000000081c00000, 0x0000000100000000)
  region size 1024K, 7 young (7168K), 2 survivors (2048K)
 Metaspace       used 68537K, committed 70016K, reserved 1114112K
  class space    used 8609K, committed 9088K, reserved 1048576K
}
Event: 22823.820 GC heap after
{Heap after GC invocations=1196 (full 9):
 garbage-first heap   total 150528K, used 43004K [0x0000000081c00000, 0x0000000100000000)
  region size 1024K, 1 young (1024K), 1 survivors (1024K)
 Metaspace       used 68537K, committed 70016K, reserved 1114112K
  class space    used 8609K, committed 9088K, reserved 1048576K
}
Event: 22883.003 GC heap before
{Heap before GC invocations=1196 (full 9):
 garbage-first heap   total 150528K, used 112636K [0x0000000081c00000, 0x0000000100000000)
  region size 1024K, 70 young (71680K), 1 survivors (1024K)
 Metaspace       used 68553K, committed 70016K, reserved 1114112K
  class space    used 8611K, committed 9088K, reserved 1048576K
}
Event: 22884.111 GC heap after
{Heap after GC invocations=1197 (full 10):
 garbage-first heap   total 99328K, used 28836K [0x0000000081c00000, 0x0000000100000000)
  region size 1024K, 0 young (0K), 0 survivors (0K)
 Metaspace       used 68543K, committed 70016K, reserved 1114112K
  class space    used 8610K, committed 9088K, reserved 1048576K
}
Event: 22885.545 GC heap before
{Heap before GC invocations=1197 (full 10):
 garbage-first heap   total 99328K, used 80036K [0x0000000081c00000, 0x0000000100000000)
  region size 1024K, 51 young (52224K), 0 survivors (0K)
 Metaspace       used 69228K, committed 70016K, reserved 1114112K
  class space    used 8709K, committed 9088K, reserved 1048576K
}
Event: 22885.600 GC heap after
{Heap after GC invocations=1198 (full 10):
 garbage-first heap   total 99328K, used 33934K [0x0000000081c00000, 0x0000000100000000)
  region size 1024K, 5 young (5120K), 5 survivors (5120K)
 Metaspace       used 69228K, committed 70016K, reserved 1114112K
  class space    used 8709K, committed 9088K, reserved 1048576K
}
Event: 22885.671 GC heap before
{Heap before GC invocations=1198 (full 10):
 garbage-first heap   total 99328K, used 77966K [0x0000000081c00000, 0x0000000100000000)
  region size 1024K, 49 young (50176K), 5 survivors (5120K)
 Metaspace       used 69228K, committed 70016K, reserved 1114112K
  class space    used 8709K, committed 9088K, reserved 1048576K
}
Event: 22885.696 GC heap after
{Heap after GC invocations=1199 (full 10):
 garbage-first heap   total 99328K, used 34821K [0x0000000081c00000, 0x0000000100000000)
  region size 1024K, 1 young (1024K), 1 survivors (1024K)
 Metaspace       used 69228K, committed 70016K, reserved 1114112K
  class space    used 8709K, committed 9088K, reserved 1048576K
}
Event: 22885.758 GC heap before
{Heap before GC invocations=1200 (full 10):
 garbage-first heap   total 99328K, used 79877K [0x0000000081c00000, 0x0000000100000000)
  region size 1024K, 45 young (46080K), 1 survivors (1024K)
 Metaspace       used 69231K, committed 70016K, reserved 1114112K
  class space    used 8710K, committed 9088K, reserved 1048576K
}
Event: 22885.760 GC heap after
{Heap after GC invocations=1201 (full 10):
 garbage-first heap   total 99328K, used 34986K [0x0000000081c00000, 0x0000000100000000)
  region size 1024K, 2 young (2048K), 2 survivors (2048K)
 Metaspace       used 69231K, committed 70016K, reserved 1114112K
  class space    used 8710K, committed 9088K, reserved 1048576K
}
Event: 22885.799 GC heap before
{Heap before GC invocations=1201 (full 10):
 garbage-first heap   total 99328K, used 81066K [0x0000000081c00000, 0x0000000100000000)
  region size 1024K, 47 young (48128K), 2 survivors (2048K)
 Metaspace       used 69231K, committed 70016K, reserved 1114112K
  class space    used 8710K, committed 9088K, reserved 1048576K
}

Deoptimization events (20 events):
Event: 9.034 Thread 0x000002070eb8ced0 DEOPT PACKING pc=0x0000020703ea697d sp=0x0000004fefffba30
Event: 9.034 Thread 0x000002070eb8ced0 DEOPT UNPACKING pc=0x0000020703642b43 sp=0x0000004fefffaf98 mode 3
Event: 11.288 Thread 0x000002070eb8ced0 DEOPT PACKING pc=0x00000207040e3c99 sp=0x0000004fefffc4a0
Event: 11.288 Thread 0x000002070eb8ced0 DEOPT UNPACKING pc=0x0000020703642b43 sp=0x0000004fefffb980 mode 3
Event: 11.618 Thread 0x000002070eb8ced0 DEOPT PACKING pc=0x0000020703b479d2 sp=0x0000004fefffd320
Event: 11.618 Thread 0x000002070eb8ced0 DEOPT UNPACKING pc=0x0000020703642b43 sp=0x0000004fefffc828 mode 3
Event: 96.611 Thread 0x000002071033a540 DEOPT PACKING pc=0x00000207045ad5b4 sp=0x0000004ff0afbd80
Event: 96.611 Thread 0x000002071033a540 DEOPT UNPACKING pc=0x0000020703642b43 sp=0x0000004ff0afb398 mode 0
Event: 96.611 Thread 0x000002071033a540 DEOPT PACKING pc=0x00000207045acf04 sp=0x0000004ff0afbfc0
Event: 96.611 Thread 0x000002071033a540 DEOPT UNPACKING pc=0x0000020703642b43 sp=0x0000004ff0afb568 mode 0
Event: 96.685 Thread 0x000002071033a540 DEOPT PACKING pc=0x00000207045acf04 sp=0x0000004ff0afc200
Event: 96.685 Thread 0x000002071033a540 DEOPT UNPACKING pc=0x0000020703642b43 sp=0x0000004ff0afb7a8 mode 0
Event: 96.694 Thread 0x000002071033a540 DEOPT PACKING pc=0x00000207045aa674 sp=0x0000004ff0afc5d0
Event: 96.694 Thread 0x000002071033a540 DEOPT UNPACKING pc=0x0000020703642b43 sp=0x0000004ff0afba80 mode 0
Event: 96.868 Thread 0x000002071033e3d0 DEOPT PACKING pc=0x000002070477d4b3 sp=0x0000004ff08fcea0
Event: 96.868 Thread 0x000002071033e3d0 DEOPT UNPACKING pc=0x0000020703642b43 sp=0x0000004ff08fc3c8 mode 3
Event: 10614.548 Thread 0x00000207126e2eb0 DEOPT PACKING pc=0x0000020704b58ec4 sp=0x0000004fef0fbda0
Event: 10614.550 Thread 0x00000207126e2eb0 DEOPT UNPACKING pc=0x0000020703642b43 sp=0x0000004fef0fb238 mode 3
Event: 13352.764 Thread 0x000002071033aa10 DEOPT PACKING pc=0x0000020704d5e719 sp=0x0000004fefffad60
Event: 13352.765 Thread 0x000002071033aa10 DEOPT UNPACKING pc=0x0000020703642b43 sp=0x0000004fefffa240 mode 3

Classes unloaded (20 events):
Event: 22753.713 Thread 0x000002070d3e8f90 Unloading class 0x00000001007d3400 'jdk/internal/reflect/GeneratedMethodAccessor273'
Event: 22753.713 Thread 0x000002070d3e8f90 Unloading class 0x000000010087a000 'org/thymeleaf/model/IProcessableElementTag$getAttribute$1'
Event: 22753.713 Thread 0x000002070d3e8f90 Unloading class 0x000000010085e000 'org/thymeleaf/model/IProcessableElementTag$getAttributeValue$0'
Event: 22753.713 Thread 0x000002070d3e8f90 Unloading class 0x00000001007df000 'org/thymeleaf/model/IProcessableElementTag$hasAttribute'
Event: 22753.714 Thread 0x000002070d3e8f90 Unloading class 0x0000000100868800 'java_util_Map$size'
Event: 22753.714 Thread 0x000002070d3e8f90 Unloading class 0x0000000100861800 'org/thymeleaf/context/IEngineContext$setVariable'
Event: 22753.714 Thread 0x000002070d3e8f90 Unloading class 0x000000010083d800 'java_lang_Class$isInstance'
Event: 22753.714 Thread 0x000002070d3e8f90 Unloading class 0x0000000100879800 'org/thymeleaf/context/IContext$getVariable'
Event: 22753.714 Thread 0x000002070d3e8f90 Unloading class 0x00000001008d4000 'org/thymeleaf/model/IModel$insertModel$4'
Event: 22753.714 Thread 0x000002070d3e8f90 Unloading class 0x00000001008848b0 'org/thymeleaf/model/IModel$remove$3'
Event: 22753.714 Thread 0x000002070d3e8f90 Unloading class 0x0000000100884458 'org/thymeleaf/model/IModel$replace$2'
Event: 22753.714 Thread 0x000002070d3e8f90 Unloading class 0x0000000100884000 'org/thymeleaf/model/IModel$get$1'
Event: 22753.714 Thread 0x000002070d3e8f90 Unloading class 0x0000000100768000 'org/thymeleaf/model/IModel$size$0'
Event: 22753.714 Thread 0x000002070d3e8f90 Unloading class 0x00000001008eb800 'org/thymeleaf/model/IModel$cloneModel'
Event: 22753.714 Thread 0x000002070d3e8f90 Unloading class 0x0000000100878800 'org/thymeleaf/engine/TemplateManager$parseStandalone'
Event: 22753.714 Thread 0x000002070d3e8f90 Unloading class 0x00000001007a3000 'nz/net/ultraq/thymeleaf/layoutdialect/models/TemplateModelFinder$findTemplate$0'
Event: 22753.714 Thread 0x000002070d3e8f90 Unloading class 0x00000001008d7800 'nz/net/ultraq/thymeleaf/layoutdialect/models/TemplateModelFinder$findTemplate'
Event: 22883.157 Thread 0x000002070d3e8f90 Unloading class 0x00000001008ed000 'jdk/internal/reflect/GeneratedSerializationConstructorAccessor531'
Event: 22883.157 Thread 0x000002070d3e8f90 Unloading class 0x00000001008ecc00 'jdk/internal/reflect/GeneratedSerializationConstructorAccessor530'
Event: 22883.157 Thread 0x000002070d3e8f90 Unloading class 0x00000001008ec800 'jdk/internal/reflect/GeneratedSerializationConstructorAccessor529'

Classes redefined (0 events):
No events

Internal exceptions (20 events):
Event: 22882.836 Thread 0x0000020710340f20 Exception <a 'java/io/IOException'{0x00000000869739e8}> (0x00000000869739e8) 
thrown [s\src\hotspot\share\prims\jni.cpp, line 516]
Event: 22882.882 Thread 0x0000020710340f20 Exception <a 'java/io/IOException'{0x0000000086979940}> (0x0000000086979940) 
thrown [s\src\hotspot\share\prims\jni.cpp, line 516]
Event: 22884.406 Thread 0x000002071033a070 Exception <a 'sun/nio/fs/WindowsException'{0x0000000087cd5b18}> (0x0000000087cd5b18) 
thrown [s\src\hotspot\share\prims\jni.cpp, line 516]
Event: 22884.489 Thread 0x000002071033a070 Exception <a 'java/lang/ClassNotFoundException'{0x000000008795d590}: org/springframework/beans/factory/groovy/GroovyBeanDefinitionReaderBeanInfo> (0x000000008795d590) 
thrown [s\src\hotspot\share\classfile\systemDictionary.cpp, line 256]
Event: 22884.489 Thread 0x000002071033a070 Exception <a 'java/lang/ClassNotFoundException'{0x0000000087962890}: org/springframework/beans/factory/support/AbstractBeanDefinitionReaderBeanInfo> (0x0000000087962890) 
thrown [s\src\hotspot\share\classfile\systemDictionary.cpp, line 256]
Event: 22884.490 Thread 0x000002071033a070 Exception <a 'java/lang/ClassNotFoundException'{0x0000000087964308}: java/lang/ObjectBeanInfo> (0x0000000087964308) 
thrown [s\src\hotspot\share\classfile\systemDictionary.cpp, line 256]
Event: 22884.490 Thread 0x000002071033a070 Exception <a 'java/lang/ClassNotFoundException'{0x0000000087965d88}: java/lang/ObjectCustomizer> (0x0000000087965d88) 
thrown [s\src\hotspot\share\classfile\systemDictionary.cpp, line 256]
Event: 22884.491 Thread 0x000002071033a070 Exception <a 'java/lang/ClassNotFoundException'{0x000000008796fa70}: org/springframework/beans/factory/support/AbstractBeanDefinitionReaderCustomizer> (0x000000008796fa70) 
thrown [s\src\hotspot\share\classfile\systemDictionary.cpp, line 256]
Event: 22884.492 Thread 0x000002071033a070 Exception <a 'java/lang/ClassNotFoundException'{0x0000000087981fd0}: org/springframework/beans/factory/groovy/GroovyBeanDefinitionReaderCustomizer> (0x0000000087981fd0) 
thrown [s\src\hotspot\share\classfile\systemDictionary.cpp, line 256]
Event: 22885.153 Thread 0x000002071033a070 Exception <a 'java/lang/NoClassDefFoundError'{0x0000000085b1d108}: org/flywaydb/core/Flyway> (0x0000000085b1d108) 
thrown [s\src\hotspot\share\oops\constantPool.cpp, line 835]
Event: 22885.154 Thread 0x000002071033a070 Exception <a 'java/lang/NoClassDefFoundError'{0x0000000085b1d758}: liquibase/integration/spring/SpringLiquibase> (0x0000000085b1d758) 
thrown [s\src\hotspot\share\oops\constantPool.cpp, line 835]
Event: 22885.168 Thread 0x000002071033a070 Exception <a 'java/lang/NoClassDefFoundError'{0x0000000085bc4230}: org/jooq/DSLContext> (0x0000000085bc4230) 
thrown [s\src\hotspot\share\oops\constantPool.cpp, line 835]
Event: 22885.168 Thread 0x000002071033a070 Exception <a 'java/lang/NoClassDefFoundError'{0x0000000085bc5788}: jakarta/persistence/EntityManagerFactory> (0x0000000085bc5788) 
thrown [s\src\hotspot\share\oops\constantPool.cpp, line 835]
Event: 22885.168 Thread 0x000002071033a070 Exception <a 'java/lang/NoClassDefFoundError'{0x0000000085bc5de8}: org/springframework/batch/core/repository/JobRepository> (0x0000000085bc5de8) 
thrown [s\src\hotspot\share\oops\constantPool.cpp, line 835]
Event: 22885.168 Thread 0x000002071033a070 Exception <a 'java/lang/NoClassDefFoundError'{0x0000000085bc6430}: org/quartz/Scheduler> (0x0000000085bc6430) 
thrown [s\src\hotspot\share\oops\constantPool.cpp, line 835]
Event: 22885.168 Thread 0x000002071033a070 Exception <a 'java/lang/NoClassDefFoundError'{0x0000000085bc6aa0}: org/springframework/session/jdbc/JdbcIndexedSessionRepository> (0x0000000085bc6aa0) 
thrown [s\src\hotspot\share\oops\constantPool.cpp, line 835]
Event: 22885.309 Thread 0x000002071033a070 Exception <a 'sun/nio/fs/WindowsException'{0x000000008543db78}> (0x000000008543db78) 
thrown [s\src\hotspot\share\prims\jni.cpp, line 516]
Event: 22885.310 Thread 0x000002071033a070 Exception <a 'sun/nio/fs/WindowsException'{0x000000008543e1e0}> (0x000000008543e1e0) 
thrown [s\src\hotspot\share\prims\jni.cpp, line 516]
Event: 22885.310 Thread 0x000002071033a070 Exception <a 'sun/nio/fs/WindowsException'{0x000000008543e8b8}> (0x000000008543e8b8) 
thrown [s\src\hotspot\share\prims\jni.cpp, line 516]
Event: 22885.335 Thread 0x000002071033a070 Exception <a 'java/io/FileNotFoundException'{0x000000008546f2c0}> (0x000000008546f2c0) 
thrown [s\src\hotspot\share\prims\jni.cpp, line 516]

VM Operations (20 events):
Event: 22755.460 Executing VM operation: G1Concurrent done
Event: 22818.345 Executing VM operation: G1CollectForAllocation
Event: 22818.389 Executing VM operation: G1CollectForAllocation done
Event: 22823.789 Executing VM operation: G1CollectForAllocation
Event: 22823.820 Executing VM operation: G1CollectForAllocation done
Event: 22882.859 Executing VM operation: Cleanup
Event: 22882.861 Executing VM operation: Cleanup done
Event: 22882.971 Executing VM operation: G1CollectFull
Event: 22884.111 Executing VM operation: G1CollectFull done
Event: 22885.545 Executing VM operation: G1CollectForAllocation
Event: 22885.600 Executing VM operation: G1CollectForAllocation done
Event: 22885.671 Executing VM operation: G1CollectForAllocation
Event: 22885.697 Executing VM operation: G1CollectForAllocation done
Event: 22885.705 Executing VM operation: G1Concurrent
Event: 22885.718 Executing VM operation: G1Concurrent done
Event: 22885.756 Executing VM operation: G1Concurrent
Event: 22885.757 Executing VM operation: G1Concurrent done
Event: 22885.758 Executing VM operation: G1CollectForAllocation
Event: 22885.760 Executing VM operation: G1CollectForAllocation done
Event: 22885.799 Executing VM operation: G1CollectForAllocation

Events (20 events):
Event: 22882.680 Thread 0x000002071033c6f0 Thread exited: 0x000002071033c6f0
Event: 22882.721 Thread 0x0000020710340f20 Thread added: 0x0000020710340f20
Event: 22882.722 Thread 0x00000207126e2eb0 Thread exited: 0x00000207126e2eb0
Event: 22882.944 Thread 0x0000020710340f20 Thread exited: 0x0000020710340f20
Event: 22884.113 Thread 0x000002071033a070 Thread added: 0x000002071033a070
Event: 22884.113 Thread 0x000002071033a070 Thread exited: 0x000002071033a070
Event: 22884.113 Thread 0x000002071033a070 Thread added: 0x000002071033a070
Event: 22884.489 loading class java/lang/ObjectBeanInfo
Event: 22884.490 loading class java/lang/ObjectBeanInfo done
Event: 22884.490 loading class java/lang/ObjectBeanInfo
Event: 22884.490 loading class java/lang/ObjectBeanInfo done
Event: 22884.490 loading class java/lang/ObjectCustomizer
Event: 22884.490 loading class java/lang/ObjectCustomizer done
Event: 22884.490 loading class java/lang/ObjectCustomizer
Event: 22884.490 loading class java/lang/ObjectCustomizer done
Event: 22884.677 Thread 0x000002071033d090 Thread added: 0x000002071033d090
Event: 22884.709 Thread 0x000002071033d090 Thread exited: 0x000002071033d090
Event: 22885.388 Thread 0x000002071033f710 Thread added: 0x000002071033f710
Event: 22885.388 Thread 0x0000020710340f20 Thread added: 0x0000020710340f20
Event: 22885.388 Thread 0x00000207103413f0 Thread added: 0x00000207103413f0


Dynamic libraries:
0x00007ff647790000 - 0x00007ff64779e000 	D:\Program Files\sts-4.16.1.RELEASE\plugins\org.eclipse.justj.openjdk.hotspot.jre.full.win32.x86_64_17.0.4.v20221004-1257\jre\bin\javaw.exe
0x00007ffeb3a90000 - 0x00007ffeb3c88000 	C:\WINDOWS\SYSTEM32\ntdll.dll
0x00007ffeb1da0000 - 0x00007ffeb1e5f000 	C:\WINDOWS\System32\KERNEL32.DLL
0x00007ffeb13b0000 - 0x00007ffeb1682000 	C:\WINDOWS\System32\KERNELBASE.dll
0x00007ffeb12b0000 - 0x00007ffeb13b0000 	C:\WINDOWS\System32\ucrtbase.dll
0x00007ffe7a590000 - 0x00007ffe7a5a8000 	D:\Program Files\sts-4.16.1.RELEASE\plugins\org.eclipse.justj.openjdk.hotspot.jre.full.win32.x86_64_17.0.4.v20221004-1257\jre\bin\jli.dll
0x00007ffeb3770000 - 0x00007ffeb3911000 	C:\WINDOWS\System32\USER32.dll
0x00007ffeb1910000 - 0x00007ffeb1932000 	C:\WINDOWS\System32\win32u.dll
0x00007ffeb2ee0000 - 0x00007ffeb2f0b000 	C:\WINDOWS\System32\GDI32.dll
0x00007ffeb1700000 - 0x00007ffeb180f000 	C:\WINDOWS\System32\gdi32full.dll
0x00007ffeb1180000 - 0x00007ffeb121d000 	C:\WINDOWS\System32\msvcp_win.dll
0x00007ffe9e2a0000 - 0x00007ffe9e53a000 	C:\WINDOWS\WinSxS\amd64_microsoft.windows.common-controls_6595b64144ccf1df_6.0.19041.1110_none_60b5254171f9507e\COMCTL32.dll
0x00007ffeb2520000 - 0x00007ffeb25be000 	C:\WINDOWS\System32\msvcrt.dll
0x00007ffea0ee0000 - 0x00007ffea0ef9000 	D:\Program Files\sts-4.16.1.RELEASE\plugins\org.eclipse.justj.openjdk.hotspot.jre.full.win32.x86_64_17.0.4.v20221004-1257\jre\bin\VCRUNTIME140.dll
0x00007ffeb2fc0000 - 0x00007ffeb2ff2000 	C:\WINDOWS\System32\IMM32.DLL
0x00007ffeab350000 - 0x00007ffeab35c000 	D:\Program Files\sts-4.16.1.RELEASE\plugins\org.eclipse.justj.openjdk.hotspot.jre.full.win32.x86_64_17.0.4.v20221004-1257\jre\bin\vcruntime140_1.dll
0x00007ffe7a7a0000 - 0x00007ffe7a831000 	D:\Program Files\sts-4.16.1.RELEASE\plugins\org.eclipse.justj.openjdk.hotspot.jre.full.win32.x86_64_17.0.4.v20221004-1257\jre\bin\msvcp140.dll
0x00007ffe3add0000 - 0x00007ffe3ba16000 	D:\Program Files\sts-4.16.1.RELEASE\plugins\org.eclipse.justj.openjdk.hotspot.jre.full.win32.x86_64_17.0.4.v20221004-1257\jre\bin\server\jvm.dll
0x00007ffeb2f10000 - 0x00007ffeb2fbe000 	C:\WINDOWS\System32\ADVAPI32.dll
0x00007ffeb30d0000 - 0x00007ffeb316c000 	C:\WINDOWS\System32\sechost.dll
0x00007ffeb3170000 - 0x00007ffeb3295000 	C:\WINDOWS\System32\RPCRT4.dll
0x00007ffeb1e60000 - 0x00007ffeb1e68000 	C:\WINDOWS\System32\PSAPI.DLL
0x00007ffe8f470000 - 0x00007ffe8f479000 	C:\WINDOWS\SYSTEM32\WSOCK32.dll
0x00007ffeb2df0000 - 0x00007ffeb2e5b000 	C:\WINDOWS\System32\WS2_32.dll
0x00007ffe9efe0000 - 0x00007ffe9f007000 	C:\WINDOWS\SYSTEM32\WINMM.dll
0x00007ffea9810000 - 0x00007ffea981a000 	C:\WINDOWS\SYSTEM32\VERSION.dll
0x00007ffeaf040000 - 0x00007ffeaf052000 	C:\WINDOWS\SYSTEM32\kernel.appcore.dll
0x00007ffea0e70000 - 0x00007ffea0e7a000 	D:\Program Files\sts-4.16.1.RELEASE\plugins\org.eclipse.justj.openjdk.hotspot.jre.full.win32.x86_64_17.0.4.v20221004-1257\jre\bin\jimage.dll
0x00007ffe9e6a0000 - 0x00007ffe9e884000 	C:\WINDOWS\SYSTEM32\DBGHELP.DLL
0x00007ffe9a210000 - 0x00007ffe9a245000 	C:\WINDOWS\SYSTEM32\dbgcore.DLL
0x00007ffeb1220000 - 0x00007ffeb12a2000 	C:\WINDOWS\System32\bcryptPrimitives.dll
0x00007ffe79410000 - 0x00007ffe79435000 	D:\Program Files\sts-4.16.1.RELEASE\plugins\org.eclipse.justj.openjdk.hotspot.jre.full.win32.x86_64_17.0.4.v20221004-1257\jre\bin\java.dll
0x00007ffe7a570000 - 0x00007ffe7a588000 	D:\Program Files\sts-4.16.1.RELEASE\plugins\org.eclipse.justj.openjdk.hotspot.jre.full.win32.x86_64_17.0.4.v20221004-1257\jre\bin\zip.dll
0x00007ffeb2690000 - 0x00007ffeb2dd4000 	C:\WINDOWS\System32\SHELL32.dll
0x00007ffeaf240000 - 0x00007ffeaf9d2000 	C:\WINDOWS\SYSTEM32\windows.storage.dll
0x00007ffeb1e70000 - 0x00007ffeb21c5000 	C:\WINDOWS\System32\combase.dll
0x00007ffeb0be0000 - 0x00007ffeb0c10000 	C:\WINDOWS\SYSTEM32\Wldp.dll
0x00007ffeb21d0000 - 0x00007ffeb227d000 	C:\WINDOWS\System32\SHCORE.dll
0x00007ffeb24c0000 - 0x00007ffeb2515000 	C:\WINDOWS\System32\shlwapi.dll
0x00007ffeb10c0000 - 0x00007ffeb10df000 	C:\WINDOWS\SYSTEM32\profapi.dll
0x00007ffe793f0000 - 0x00007ffe79409000 	D:\Program Files\sts-4.16.1.RELEASE\plugins\org.eclipse.justj.openjdk.hotspot.jre.full.win32.x86_64_17.0.4.v20221004-1257\jre\bin\net.dll
0x00007ffea8470000 - 0x00007ffea857c000 	C:\WINDOWS\SYSTEM32\WINHTTP.dll
0x00007ffeb0940000 - 0x00007ffeb09aa000 	C:\WINDOWS\system32\mswsock.dll
0x00007ffe793d0000 - 0x00007ffe793e5000 	D:\Program Files\sts-4.16.1.RELEASE\plugins\org.eclipse.justj.openjdk.hotspot.jre.full.win32.x86_64_17.0.4.v20221004-1257\jre\bin\nio.dll
0x00007ffeaa9c0000 - 0x00007ffeaa9c9000 	D:\Program Files\sts-4.16.1.RELEASE\plugins\org.eclipse.justj.openjdk.hotspot.jre.full.win32.x86_64_17.0.4.v20221004-1257\jre\bin\management.dll
0x00007ffeaa980000 - 0x00007ffeaa98b000 	D:\Program Files\sts-4.16.1.RELEASE\plugins\org.eclipse.justj.openjdk.hotspot.jre.full.win32.x86_64_17.0.4.v20221004-1257\jre\bin\management_ext.dll
0x00007ffe98380000 - 0x00007ffe98397000 	C:\WINDOWS\system32\napinsp.dll
0x00007ffe98360000 - 0x00007ffe9837b000 	C:\WINDOWS\system32\pnrpnsp.dll
0x00007ffeac330000 - 0x00007ffeac345000 	C:\WINDOWS\system32\wshbth.dll
0x00007ffeacf20000 - 0x00007ffeacf3d000 	C:\WINDOWS\system32\NLAapi.dll
0x00007ffeb05e0000 - 0x00007ffeb061b000 	C:\WINDOWS\SYSTEM32\IPHLPAPI.DLL
0x00007ffeb0630000 - 0x00007ffeb06fa000 	C:\WINDOWS\SYSTEM32\DNSAPI.dll
0x00007ffeb2de0000 - 0x00007ffeb2de8000 	C:\WINDOWS\System32\NSI.dll
0x00007ffe98340000 - 0x00007ffe98352000 	C:\WINDOWS\System32\winrnr.dll
0x00007ffea9bf0000 - 0x00007ffea9bfa000 	C:\Windows\System32\rasadhlp.dll
0x00007ffe9dea0000 - 0x00007ffe9df20000 	C:\WINDOWS\System32\fwpuclnt.dll
0x00007ffeb1940000 - 0x00007ffeb1967000 	C:\WINDOWS\System32\bcrypt.dll
0x00007ffeb0b30000 - 0x00007ffeb0b48000 	C:\WINDOWS\SYSTEM32\CRYPTSP.dll
0x00007ffeb01f0000 - 0x00007ffeb0224000 	C:\WINDOWS\system32\rsaenh.dll
0x00007ffeb1080000 - 0x00007ffeb10ae000 	C:\WINDOWS\SYSTEM32\USERENV.dll
0x00007ffeb0b50000 - 0x00007ffeb0b5c000 	C:\WINDOWS\SYSTEM32\CRYPTBASE.dll
0x00007ffea8b10000 - 0x00007ffea8b27000 	C:\WINDOWS\SYSTEM32\dhcpcsvc6.DLL
0x00007ffea9b10000 - 0x00007ffea9b2d000 	C:\WINDOWS\SYSTEM32\dhcpcsvc.DLL
0x00007ffeacfc0000 - 0x00007ffeacfce000 	D:\Program Files\sts-4.16.1.RELEASE\plugins\org.eclipse.justj.openjdk.hotspot.jre.full.win32.x86_64_17.0.4.v20221004-1257\jre\bin\sunmscapi.dll
0x00007ffeb1970000 - 0x00007ffeb1ac6000 	C:\WINDOWS\System32\CRYPT32.dll
0x00007ffeb0c50000 - 0x00007ffeb0c77000 	C:\WINDOWS\SYSTEM32\ncrypt.dll
0x00007ffeb0c10000 - 0x00007ffeb0c4b000 	C:\WINDOWS\SYSTEM32\NTASN1.dll
0x00007ffea08b0000 - 0x00007ffea08b7000 	C:\WINDOWS\system32\wshunix.dll
0x00007ffe9bf10000 - 0x00007ffe9bf20000 	D:\Program Files\sts-4.16.1.RELEASE\plugins\org.eclipse.justj.openjdk.hotspot.jre.full.win32.x86_64_17.0.4.v20221004-1257\jre\bin\verify.dll

dbghelp: loaded successfully - version: 4.0.5 - missing functions: none
symbol engine: initialized successfully - sym options: 0x614 - pdb path: .;D:\Program Files\sts-4.16.1.RELEASE\plugins\org.eclipse.justj.openjdk.hotspot.jre.full.win32.x86_64_17.0.4.v20221004-1257\jre\bin;C:\WINDOWS\SYSTEM32;C:\WINDOWS\WinSxS\amd64_microsoft.windows.common-controls_6595b64144ccf1df_6.0.19041.1110_none_60b5254171f9507e;D:\Program Files\sts-4.16.1.RELEASE\plugins\org.eclipse.justj.openjdk.hotspot.jre.full.win32.x86_64_17.0.4.v20221004-1257\jre\bin\server

VM Arguments:
jvm_args: -Dcom.sun.management.jmxremote -Dcom.sun.management.jmxremote.port=53208 -Dcom.sun.management.jmxremote.authenticate=false -Dcom.sun.management.jmxremote.ssl=false -Djava.rmi.server.hostname=localhost -Dspring.jmx.enabled=true -Dspring.application.admin.enabled=true -XX:TieredStopAtLevel=1 -Dspring.boot.project.name=mybatis -Dfile.encoding=UTF-8 -XX:+ShowCodeDetailsInExceptionMessages 
java_command: ks45team03.rentravel.Ks45team03Application --spring.output.ansi.enabled=always
java_class_path (initial): C:\Users\ki581\git\ks45team03\ks45team03\target\classes;C:\Users\ki581\.m2\repository\org\springframework\boot\spring-boot-starter-data-jdbc\3.0.0\spring-boot-starter-data-jdbc-3.0.0.jar;C:\Users\ki581\.m2\repository\org\springframework\boot\spring-boot-starter-jdbc\3.0.0\spring-boot-starter-jdbc-3.0.0.jar;C:\Users\ki581\.m2\repository\com\zaxxer\HikariCP\5.0.1\HikariCP-5.0.1.jar;C:\Users\ki581\.m2\repository\org\springframework\spring-jdbc\6.0.2\spring-jdbc-6.0.2.jar;C:\Users\ki581\.m2\repository\org\springframework\data\spring-data-jdbc\3.0.0\spring-data-jdbc-3.0.0.jar;C:\Users\ki581\.m2\repository\org\springframework\data\spring-data-relational\3.0.0\spring-data-relational-3.0.0.jar;C:\Users\ki581\.m2\repository\org\springframework\data\spring-data-commons\3.0.0\spring-data-commons-3.0.0.jar;C:\Users\ki581\.m2\repository\org\springframework\spring-tx\6.0.2\spring-tx-6.0.2.jar;C:\Users\ki581\.m2\repository\org\springframework\spring-beans\6.0.2\spring-beans-6.0.2.jar;C:\Users\ki581\.m2\repository\org\slf4j\slf4j-api\2.0.4\slf4j-api-2.0.4.jar;C:\Users\ki581\.m2\repository\org\springframework\boot\spring-boot-starter-thymeleaf\3.0.0\spring-boot-starter-thymeleaf-3.0.0.jar;C:\Users\ki581\.m2\repository\org\thymeleaf\thymeleaf-spring6\3.1.0.RELEASE\thymeleaf-spring6-3.1.0.RELEASE.jar;C:\Users\ki581\.m2\repository\org\springframework\boot\spring-boot-starter-web\3.0.0\spring-boot-starter-web-3.0.0.jar;C:\Users\ki581\.m2\repository\org\springframework\boot\spring-boot-starter-json\3.0.0\spring-boot-starter-json-3.0.0.jar;C:\Users\ki581\.m2\repository\com\fasterxml\jackson\core\jackson-databind\2.14.1\jackson-databind-2.14.1.jar;C:\Users\ki581\.m2\repository\com\fasterxml\jackson\core\jackson-annotations\2.14.1\jackson-annotations-2.14.1.jar;C:\Users\ki581\.m2\repository\com\fasterxml\jackson\core\jackson-core\2.14.1\jackson-core-2.14.1.jar;C:\Users\ki581\.m2\repository\com\fasterxml\jackson\datatype\jackson-datatype-jdk8\2.14.1\jackson-datat
Launcher Type: SUN_STANDARD

[Global flags]
     intx CICompilerCount                          = 3                                         {product} {ergonomic}
     uint ConcGCThreads                            = 1                                         {product} {ergonomic}
     uint G1ConcRefinementThreads                  = 4                                         {product} {ergonomic}
   size_t G1HeapRegionSize                         = 1048576                                   {product} {ergonomic}
    uintx GCDrainStackTargetSize                   = 64                                        {product} {ergonomic}
   size_t InitialHeapSize                          = 134217728                                 {product} {ergonomic}
     bool ManagementServer                         = true                                      {product} {command line}
   size_t MarkStackSize                            = 4194304                                   {product} {ergonomic}
   size_t MaxHeapSize                              = 2118123520                                {product} {ergonomic}
   size_t MaxNewSize                               = 1270874112                                {product} {ergonomic}
   size_t MinHeapDeltaBytes                        = 1048576                                   {product} {ergonomic}
   size_t MinHeapSize                              = 8388608                                   {product} {ergonomic}
    uintx NonProfiledCodeHeapSize                  = 0                                      {pd product} {ergonomic}
     bool ProfileInterpreter                       = false                                  {pd product} {command line}
    uintx ProfiledCodeHeapSize                     = 0                                      {pd product} {ergonomic}
     bool ShowCodeDetailsInExceptionMessages       = true                                   {manageable} {command line}
   size_t SoftMaxHeapSize                          = 2118123520                             {manageable} {ergonomic}
     intx TieredStopAtLevel                        = 1                                         {product} {command line}
     bool UseCompressedClassPointers               = true                           {product lp64_product} {ergonomic}
     bool UseCompressedOops                        = true                           {product lp64_product} {ergonomic}
     bool UseG1GC                                  = true                                      {product} {ergonomic}
     bool UseLargePagesIndividualAllocation        = false                                  {pd product} {ergonomic}

Logging:
Log output configuration:
 #0: stdout all=warning uptime,level,tags
 #1: stderr all=off uptime,level,tags

Environment Variables:
JAVA_HOME=C:\Program Files\Java\jdk-11.0.16.1
PATH=D:/Program Files/sts-4.16.1.RELEASE//plugins/org.eclipse.justj.openjdk.hotspot.jre.full.win32.x86_64_17.0.4.v20221004-1257/jre/bin/server;D:/Program Files/sts-4.16.1.RELEASE//plugins/org.eclipse.justj.openjdk.hotspot.jre.full.win32.x86_64_17.0.4.v20221004-1257/jre/bin;D:\app\oracle\product\11.2.0\server\bin;;C:\Program Files\Common Files\Oracle\Java\javapath;C:\Windows\System32\WindowsPowerShell\v1.0\;C:\Program Files (x86)\Common Files\Oracle\Java\javapath;C:\Program Files (x86)\Intel\iCLS Client\;C:\Program Files\Intel\iCLS Client\;C:\Windows\system32;C:\Windows;C:\Windows\System32\Wbem;C:\Program Files (x86)\Intel\Intel(R) Management Engine Components\DAL;C:\Program Files\Intel\Intel(R) Management Engine Components\DAL;C:\Program Files (x86)\Intel\Intel(R) Management Engine Components\IPT;C:\Program Files\Intel\Intel(R) Management Engine Components\IPT;C:\Program Files (x86)\NVIDIA Corporation\PhysX\Common;C:\WINDOWS\system32;C:\WINDOWS;C:\WINDOWS\System32\Wbem;C:\WINDOWS\System32\WindowsPowerShell\v1.0\;C:\WINDOWS\System32\OpenSSH\;C:\Program Files\NVIDIA Corporation\NVIDIA NvDLISR;C:\Program Files\Java\jdk1.8.0_202\bin;C:\Program Files\MySQL\MySQL Server 5.5\bin;D:\Program Files\apache-tomcat-10.0.23\binbin;C:\Users\ki581\AppData\Local\Programs\Python\Python310\Scripts\;C:\Users\ki581\AppData\Local\Programs\Python\Python310\;C:\Program Files\MySQL\MySQL Shell 8.0\bin\;C:\Users\ki581\AppData\Local\Microsoft\WindowsApps;;D:\Program Files\Microsoft VS Code\bin;D:\Program Files\sts-4.16.1.RELEASE;
USERNAME=ki581
OS=Windows_NT
PROCESSOR_IDENTIFIER=Intel64 Family 6 Model 142 Stepping 9, GenuineIntel
TMP=C:\Users\ki581\AppData\Local\Temp
TEMP=C:\Users\ki581\AppData\Local\Temp



---------------  S Y S T E M  ---------------

OS:
 Windows 10 , 64 bit Build 19041 (10.0.19041.2364)
OS uptime: 6 days 3:53 hours

CPU: total 4 (initial active 4) (2 cores per cpu, 2 threads per core) family 6 model 142 stepping 9 microcode 0xb4, cx8, cmov, fxsr, ht, mmx, 3dnowpref, sse, sse2, sse3, ssse3, sse4.1, sse4.2, popcnt, lzcnt, tsc, tscinvbit, avx, avx2, aes, erms, clmul, bmi1, bmi2, adx, fma, vzeroupper, clflush, clflushopt

Memory: 4k page, system-wide physical 8078M (90M free)
TotalPageFile size 21594M (AvailPageFile size 111M)
current process WorkingSet (physical memory assigned to process): 227M, peak: 323M
current process commit charge ("private bytes"): 287M, peak: 466M

vm_info: OpenJDK 64-Bit Server VM (17.0.4.1+1) for windows-amd64 JRE (17.0.4.1+1), built on Aug 17 2022 07:42:43 by "temurin" with MS VC++ 16.7 (VS2019)

END.
